Makefile:330: update target 'all' due to: config.h
make  all-recursive
make[1]: Entering directory '/home/localuser/github/hesiod'
Makefile:398: target 'all-recursive' does not exist
fail=; \
if (target_option=k; case ${target_option-} in ?) ;; *) echo "am__make_running_with_option: internal error: invalid" "target option '${target_option-}' specified" >&2; exit 1;; esac; has_opt=no; sane_makeflags=$MAKEFLAGS; if { if test -z '1'; then false; elif test -n 'x86_64-pc-linux-gnu'; then true; elif test -n '4.1' && test -n '/home/localuser/github/hesiod'; then true; else false; fi; }; then sane_makeflags=$MFLAGS; else case $MAKEFLAGS in *\\[\ \	]*) bs=\\; sane_makeflags=`printf '%s\n' "$MAKEFLAGS" | sed "s/$bs$bs[$bs $bs	]*//g"`;; esac; fi; skip_next=no; strip_trailopt () { flg=`printf '%s\n' "$flg" | sed "s/$1.*$//"`; }; for flg in $sane_makeflags; do test $skip_next = yes && { skip_next=no; continue; }; case $flg in *=*|--*) continue;; -*I) strip_trailopt 'I'; skip_next=yes;; -*I?*) strip_trailopt 'I';; -*O) strip_trailopt 'O'; skip_next=yes;; -*O?*) strip_trailopt 'O';; -*l) strip_trailopt 'l'; skip_next=yes;; -*l?*) strip_trailopt 'l';; -[dEDm]) skip_next=yes;; -[JT]) skip_next=yes;; esac; case $flg in *$target_option*) has_opt=yes; break;; esac; done; test $has_opt = yes); then \
  failcom='fail=yes'; \
else \
  failcom='exit 1'; \
fi; \
dot_seen=no; \
target=`echo all-recursive | sed s/-recursive//`; \
case "all-recursive" in \
  distclean-* | maintainer-clean-*) list='src man' ;; \
  *) list='src man' ;; \
esac; \
for subdir in $list; do \
  echo "Making $target in $subdir"; \
  if test "$subdir" = "."; then \
    dot_seen=yes; \
    local_target="$target-am"; \
  else \
    local_target="$target"; \
  fi; \
  (CDPATH="${ZSH_VERSION+.}:" && cd $subdir && make  $local_target) \
  || eval $failcom; \
done; \
if test "$dot_seen" = "no"; then \
  make  "$target-am" || exit 1; \
fi; test -z "$fail"
Making all in src
make[2]: Entering directory '/home/localuser/github/hesiod/src'
Makefile:405: target 'all-recursive' does not exist
fail=; \
if (target_option=k; case ${target_option-} in ?) ;; *) echo "am__make_running_with_option: internal error: invalid" "target option '${target_option-}' specified" >&2; exit 1;; esac; has_opt=no; sane_makeflags=$MAKEFLAGS; if { if test -z '2'; then false; elif test -n 'x86_64-pc-linux-gnu'; then true; elif test -n '4.1' && test -n '/home/localuser/github/hesiod/src'; then true; else false; fi; }; then sane_makeflags=$MFLAGS; else case $MAKEFLAGS in *\\[\ \	]*) bs=\\; sane_makeflags=`printf '%s\n' "$MAKEFLAGS" | sed "s/$bs$bs[$bs $bs	]*//g"`;; esac; fi; skip_next=no; strip_trailopt () { flg=`printf '%s\n' "$flg" | sed "s/$1.*$//"`; }; for flg in $sane_makeflags; do test $skip_next = yes && { skip_next=no; continue; }; case $flg in *=*|--*) continue;; -*I) strip_trailopt 'I'; skip_next=yes;; -*I?*) strip_trailopt 'I';; -*O) strip_trailopt 'O'; skip_next=yes;; -*O?*) strip_trailopt 'O';; -*l) strip_trailopt 'l'; skip_next=yes;; -*l?*) strip_trailopt 'l';; -[dEDm]) skip_next=yes;; -[JT]) skip_next=yes;; esac; case $flg in *$target_option*) has_opt=yes; break;; esac; done; test $has_opt = yes); then \
  failcom='fail=yes'; \
else \
  failcom='exit 1'; \
fi; \
dot_seen=no; \
target=`echo all-recursive | sed s/-recursive//`; \
case "all-recursive" in \
  distclean-* | maintainer-clean-*) list='lib hesinfo' ;; \
  *) list='lib hesinfo' ;; \
esac; \
for subdir in $list; do \
  echo "Making $target in $subdir"; \
  if test "$subdir" = "."; then \
    dot_seen=yes; \
    local_target="$target-am"; \
  else \
    local_target="$target"; \
  fi; \
  (CDPATH="${ZSH_VERSION+.}:" && cd $subdir && make  $local_target) \
  || eval $failcom; \
done; \
if test "$dot_seen" = "no"; then \
  make  "$target-am" || exit 1; \
fi; test -z "$fail"
Making all in lib
make[3]: Entering directory '/home/localuser/github/hesiod/src/lib'
Makefile:637: update target 'hesiod.lo' due to: hesiod.c
echo "  CC      " hesiod.lo;/bin/bash ../../libtool --silent --tag=CC   --mode=compile gcc -DHAVE_CONFIG_H -I. -I../..    -DSYSCONFDIR=\"/usr/local/etc\" -g -O2 -MT hesiod.lo -MD -MP -MF .deps/hesiod.Tpo -c -o hesiod.lo hesiod.c
  CC       hesiod.lo
mv -f .deps/hesiod.Tpo .deps/hesiod.Plo
Makefile:637: update target 'hesmailhost.lo' due to: hesmailhost.c
echo "  CC      " hesmailhost.lo;/bin/bash ../../libtool --silent --tag=CC   --mode=compile gcc -DHAVE_CONFIG_H -I. -I../..    -DSYSCONFDIR=\"/usr/local/etc\" -g -O2 -MT hesmailhost.lo -MD -MP -MF .deps/hesmailhost.Tpo -c -o hesmailhost.lo hesmailhost.c
  CC       hesmailhost.lo
mv -f .deps/hesmailhost.Tpo .deps/hesmailhost.Plo
Makefile:637: update target 'hespwnam.lo' due to: hespwnam.c
echo "  CC      " hespwnam.lo;/bin/bash ../../libtool --silent --tag=CC   --mode=compile gcc -DHAVE_CONFIG_H -I. -I../..    -DSYSCONFDIR=\"/usr/local/etc\" -g -O2 -MT hespwnam.lo -MD -MP -MF .deps/hespwnam.Tpo -c -o hespwnam.lo hespwnam.c
  CC       hespwnam.lo
mv -f .deps/hespwnam.Tpo .deps/hespwnam.Plo
Makefile:637: update target 'hesservbyname.lo' due to: hesservbyname.c
echo "  CC      " hesservbyname.lo;/bin/bash ../../libtool --silent --tag=CC   --mode=compile gcc -DHAVE_CONFIG_H -I. -I../..    -DSYSCONFDIR=\"/usr/local/etc\" -g -O2 -MT hesservbyname.lo -MD -MP -MF .deps/hesservbyname.Tpo -c -o hesservbyname.lo hesservbyname.c
  CC       hesservbyname.lo
mv -f .deps/hesservbyname.Tpo .deps/hesservbyname.Plo
Makefile:637: update target 'hescompat.lo' due to: hescompat.c
echo "  CC      " hescompat.lo;/bin/bash ../../libtool --silent --tag=CC   --mode=compile gcc -DHAVE_CONFIG_H -I. -I../..    -DSYSCONFDIR=\"/usr/local/etc\" -g -O2 -MT hescompat.lo -MD -MP -MF .deps/hescompat.Tpo -c -o hescompat.lo hescompat.c
  CC       hescompat.lo
mv -f .deps/hescompat.Tpo .deps/hescompat.Plo
Makefile:594: update target 'libhesiod.la' due to: hesiod.lo hesmailhost.lo hespwnam.lo hesservbyname.lo hescompat.lo
echo "  CCLD    " libhesiod.la;/bin/bash ../../libtool --silent --tag=CC   --mode=link gcc -DSYSCONFDIR=\"/usr/local/etc\" -g -O2   -o libhesiod.la -rpath /usr/local/lib hesiod.lo hesmailhost.lo hespwnam.lo hesservbyname.lo hescompat.lo -lresolv  
  CCLD     libhesiod.la
Makefile:623: update target 'hestest.o' due to: hestest.c
echo "  CC      " hestest.o;gcc -DHAVE_CONFIG_H -I. -I../..    -DSYSCONFDIR=\"/usr/local/etc\" -g -O2 -MT hestest.o -MD -MP -MF .deps/hestest.Tpo -c -o hestest.o hestest.c
  CC       hestest.o
mv -f .deps/hestest.Tpo .deps/hestest.Po
Makefile:606: update target 'hestest' due to: hestest.o libhesiod.la
rm -f hestest
echo "  CCLD    " hestest;/bin/bash ../../libtool --silent --tag=CC   --mode=link gcc -DSYSCONFDIR=\"/usr/local/etc\" -g -O2   -o hestest hestest.o libhesiod.la 
  CCLD     hestest
make[3]: Leaving directory '/home/localuser/github/hesiod/src/lib'
Making all in hesinfo
make[3]: Entering directory '/home/localuser/github/hesiod/src/hesinfo'
Makefile:393: update target 'hesinfo.o' due to: hesinfo.c
echo "  CC      " hesinfo.o;gcc -DHAVE_CONFIG_H -I. -I../..    -I./../lib/ -g -O2 -MT hesinfo.o -MD -MP -MF .deps/hesinfo.Tpo -c -o hesinfo.o hesinfo.c
  CC       hesinfo.o
mv -f .deps/hesinfo.Tpo .deps/hesinfo.Po
Makefile:381: update target 'hesinfo' due to: hesinfo.o ../lib/libhesiod.la
rm -f hesinfo
echo "  CCLD    " hesinfo;/bin/bash ../../libtool --silent --tag=CC   --mode=link gcc -I./../lib/ -g -O2   -o hesinfo hesinfo.o ../lib/libhesiod.la 
  CCLD     hesinfo
make[3]: Leaving directory '/home/localuser/github/hesiod/src/hesinfo'
make[3]: Entering directory '/home/localuser/github/hesiod/src'
make[3]: Nothing to be done for 'all-am'.
make[3]: Leaving directory '/home/localuser/github/hesiod/src'
make[2]: Leaving directory '/home/localuser/github/hesiod/src'
Making all in man
make[2]: Entering directory '/home/localuser/github/hesiod/man'
make[2]: Nothing to be done for 'all'.
make[2]: Leaving directory '/home/localuser/github/hesiod/man'
make[2]: Entering directory '/home/localuser/github/hesiod'
make[2]: Nothing to be done for 'all-am'.
make[2]: Leaving directory '/home/localuser/github/hesiod'
make[1]: Leaving directory '/home/localuser/github/hesiod'
